2022-04-14T17:54:26,077 - CPUUtilization.Percent:100.0|#Level:Host|#hostname:node0.grp14-a5.ut-cs378-s22-pg0.utah.cloudlab.us,timestamp:1649980466
2022-04-14T17:54:26,078 - DiskAvailable.Gigabytes:4.365802764892578|#Level:Host|#hostname:node0.grp14-a5.ut-cs378-s22-pg0.utah.cloudlab.us,timestamp:1649980466
2022-04-14T17:54:26,087 - DiskUsage.Gigabytes:10.458137512207031|#Level:Host|#hostname:node0.grp14-a5.ut-cs378-s22-pg0.utah.cloudlab.us,timestamp:1649980466
2022-04-14T17:54:26,088 - DiskUtilization.Percent:70.5|#Level:Host|#hostname:node0.grp14-a5.ut-cs378-s22-pg0.utah.cloudlab.us,timestamp:1649980466
2022-04-14T17:54:26,088 - MemoryAvailable.Megabytes:61871.4453125|#Level:Host|#hostname:node0.grp14-a5.ut-cs378-s22-pg0.utah.cloudlab.us,timestamp:1649980466
2022-04-14T17:54:26,089 - MemoryUsed.Megabytes:1703.7421875|#Level:Host|#hostname:node0.grp14-a5.ut-cs378-s22-pg0.utah.cloudlab.us,timestamp:1649980466
2022-04-14T17:54:26,089 - MemoryUtilization.Percent:3.8|#Level:Host|#hostname:node0.grp14-a5.ut-cs378-s22-pg0.utah.cloudlab.us,timestamp:1649980466
2022-04-14T17:54:28,499 - W-9012-vgg_1.0.ms:3634|#Level:Host|#hostname:node0.grp14-a5.ut-cs378-s22-pg0.utah.cloudlab.us,timestamp:1649980468
2022-04-14T17:54:28,500 - WorkerThreadTime.ms:79|#Level:Host|#hostname:node0.grp14-a5.ut-cs378-s22-pg0.utah.cloudlab.us,timestamp:null
2022-04-14T17:54:28,537 - W-9013-vgg_1.0.ms:3672|#Level:Host|#hostname:node0.grp14-a5.ut-cs378-s22-pg0.utah.cloudlab.us,timestamp:1649980468
2022-04-14T17:54:28,538 - WorkerThreadTime.ms:119|#Level:Host|#hostname:node0.grp14-a5.ut-cs378-s22-pg0.utah.cloudlab.us,timestamp:null
2022-04-14T17:54:28,572 - W-9014-vgg_1.0.ms:3706|#Level:Host|#hostname:node0.grp14-a5.ut-cs378-s22-pg0.utah.cloudlab.us,timestamp:1649980468
2022-04-14T17:54:28,572 - WorkerThreadTime.ms:91|#Level:Host|#hostname:node0.grp14-a5.ut-cs378-s22-pg0.utah.cloudlab.us,timestamp:null
2022-04-14T17:54:28,585 - W-9004-vgg_1.0.ms:3722|#Level:Host|#hostname:node0.grp14-a5.ut-cs378-s22-pg0.utah.cloudlab.us,timestamp:1649980468
2022-04-14T17:54:28,585 - WorkerThreadTime.ms:77|#Level:Host|#hostname:node0.grp14-a5.ut-cs378-s22-pg0.utah.cloudlab.us,timestamp:null
2022-04-14T17:54:28,595 - W-9006-vgg_1.0.ms:3733|#Level:Host|#hostname:node0.grp14-a5.ut-cs378-s22-pg0.utah.cloudlab.us,timestamp:1649980468
2022-04-14T17:54:28,596 - WorkerThreadTime.ms:115|#Level:Host|#hostname:node0.grp14-a5.ut-cs378-s22-pg0.utah.cloudlab.us,timestamp:null
2022-04-14T17:54:28,599 - W-9009-vgg_1.0.ms:3736|#Level:Host|#hostname:node0.grp14-a5.ut-cs378-s22-pg0.utah.cloudlab.us,timestamp:1649980468
2022-04-14T17:54:28,600 - WorkerThreadTime.ms:113|#Level:Host|#hostname:node0.grp14-a5.ut-cs378-s22-pg0.utah.cloudlab.us,timestamp:null
2022-04-14T17:54:28,600 - W-9000-vgg_1.0.ms:3741|#Level:Host|#hostname:node0.grp14-a5.ut-cs378-s22-pg0.utah.cloudlab.us,timestamp:1649980468
2022-04-14T17:54:28,600 - WorkerThreadTime.ms:62|#Level:Host|#hostname:node0.grp14-a5.ut-cs378-s22-pg0.utah.cloudlab.us,timestamp:null
2022-04-14T17:54:28,605 - W-9015-vgg_1.0.ms:3739|#Level:Host|#hostname:node0.grp14-a5.ut-cs378-s22-pg0.utah.cloudlab.us,timestamp:1649980468
2022-04-14T17:54:28,605 - WorkerThreadTime.ms:42|#Level:Host|#hostname:node0.grp14-a5.ut-cs378-s22-pg0.utah.cloudlab.us,timestamp:null
2022-04-14T17:54:28,609 - W-9001-vgg_1.0.ms:3748|#Level:Host|#hostname:node0.grp14-a5.ut-cs378-s22-pg0.utah.cloudlab.us,timestamp:1649980468
2022-04-14T17:54:28,609 - WorkerThreadTime.ms:30|#Level:Host|#hostname:node0.grp14-a5.ut-cs378-s22-pg0.utah.cloudlab.us,timestamp:null
2022-04-14T17:54:28,618 - W-9008-vgg_1.0.ms:3755|#Level:Host|#hostname:node0.grp14-a5.ut-cs378-s22-pg0.utah.cloudlab.us,timestamp:1649980468
2022-04-14T17:54:28,618 - WorkerThreadTime.ms:59|#Level:Host|#hostname:node0.grp14-a5.ut-cs378-s22-pg0.utah.cloudlab.us,timestamp:null
2022-04-14T17:54:28,619 - W-9003-vgg_1.0.ms:3758|#Level:Host|#hostname:node0.grp14-a5.ut-cs378-s22-pg0.utah.cloudlab.us,timestamp:1649980468
2022-04-14T17:54:28,619 - WorkerThreadTime.ms:59|#Level:Host|#hostname:node0.grp14-a5.ut-cs378-s22-pg0.utah.cloudlab.us,timestamp:null
2022-04-14T17:54:28,640 - W-9007-vgg_1.0.ms:3777|#Level:Host|#hostname:node0.grp14-a5.ut-cs378-s22-pg0.utah.cloudlab.us,timestamp:1649980468
2022-04-14T17:54:28,640 - WorkerThreadTime.ms:45|#Level:Host|#hostname:node0.grp14-a5.ut-cs378-s22-pg0.utah.cloudlab.us,timestamp:null
2022-04-14T17:54:28,662 - W-9005-vgg_1.0.ms:3800|#Level:Host|#hostname:node0.grp14-a5.ut-cs378-s22-pg0.utah.cloudlab.us,timestamp:1649980468
2022-04-14T17:54:28,663 - WorkerThreadTime.ms:38|#Level:Host|#hostname:node0.grp14-a5.ut-cs378-s22-pg0.utah.cloudlab.us,timestamp:null
2022-04-14T17:54:28,669 - W-9002-vgg_1.0.ms:3808|#Level:Host|#hostname:node0.grp14-a5.ut-cs378-s22-pg0.utah.cloudlab.us,timestamp:1649980468
2022-04-14T17:54:28,669 - WorkerThreadTime.ms:51|#Level:Host|#hostname:node0.grp14-a5.ut-cs378-s22-pg0.utah.cloudlab.us,timestamp:null
2022-04-14T17:54:28,679 - W-9010-vgg_1.0.ms:3815|#Level:Host|#hostname:node0.grp14-a5.ut-cs378-s22-pg0.utah.cloudlab.us,timestamp:1649980468
2022-04-14T17:54:28,679 - WorkerThreadTime.ms:59|#Level:Host|#hostname:node0.grp14-a5.ut-cs378-s22-pg0.utah.cloudlab.us,timestamp:null
2022-04-14T17:54:28,680 - W-9011-vgg_1.0.ms:3816|#Level:Host|#hostname:node0.grp14-a5.ut-cs378-s22-pg0.utah.cloudlab.us,timestamp:1649980468
2022-04-14T17:54:28,680 - WorkerThreadTime.ms:42|#Level:Host|#hostname:node0.grp14-a5.ut-cs378-s22-pg0.utah.cloudlab.us,timestamp:null
2022-04-14T17:55:15,988 - Requests2XX.Count:1|#Level:Host|#hostname:node0.grp14-a5.ut-cs378-s22-pg0.utah.cloudlab.us,timestamp:null
2022-04-14T17:55:25,962 - CPUUtilization.Percent:0.0|#Level:Host|#hostname:node0.grp14-a5.ut-cs378-s22-pg0.utah.cloudlab.us,timestamp:1649980525
2022-04-14T17:55:25,963 - DiskAvailable.Gigabytes:4.365726470947266|#Level:Host|#hostname:node0.grp14-a5.ut-cs378-s22-pg0.utah.cloudlab.us,timestamp:1649980525
2022-04-14T17:55:25,963 - DiskUsage.Gigabytes:10.458213806152344|#Level:Host|#hostname:node0.grp14-a5.ut-cs378-s22-pg0.utah.cloudlab.us,timestamp:1649980525
2022-04-14T17:55:25,963 - DiskUtilization.Percent:70.5|#Level:Host|#hostname:node0.grp14-a5.ut-cs378-s22-pg0.utah.cloudlab.us,timestamp:1649980525
2022-04-14T17:55:25,963 - MemoryAvailable.Megabytes:60153.15625|#Level:Host|#hostname:node0.grp14-a5.ut-cs378-s22-pg0.utah.cloudlab.us,timestamp:1649980525
2022-04-14T17:55:25,964 - MemoryUsed.Megabytes:3421.6171875|#Level:Host|#hostname:node0.grp14-a5.ut-cs378-s22-pg0.utah.cloudlab.us,timestamp:1649980525
2022-04-14T17:55:25,964 - MemoryUtilization.Percent:6.4|#Level:Host|#hostname:node0.grp14-a5.ut-cs378-s22-pg0.utah.cloudlab.us,timestamp:1649980525
2022-04-14T17:56:25,962 - CPUUtilization.Percent:0.0|#Level:Host|#hostname:node0.grp14-a5.ut-cs378-s22-pg0.utah.cloudlab.us,timestamp:1649980585
2022-04-14T17:56:25,963 - DiskAvailable.Gigabytes:4.365726470947266|#Level:Host|#hostname:node0.grp14-a5.ut-cs378-s22-pg0.utah.cloudlab.us,timestamp:1649980585
2022-04-14T17:56:25,963 - DiskUsage.Gigabytes:10.458213806152344|#Level:Host|#hostname:node0.grp14-a5.ut-cs378-s22-pg0.utah.cloudlab.us,timestamp:1649980585
2022-04-14T17:56:25,963 - DiskUtilization.Percent:70.5|#Level:Host|#hostname:node0.grp14-a5.ut-cs378-s22-pg0.utah.cloudlab.us,timestamp:1649980585
2022-04-14T17:56:25,964 - MemoryAvailable.Megabytes:60153.08984375|#Level:Host|#hostname:node0.grp14-a5.ut-cs378-s22-pg0.utah.cloudlab.us,timestamp:1649980585
2022-04-14T17:56:25,964 - MemoryUsed.Megabytes:3421.6640625|#Level:Host|#hostname:node0.grp14-a5.ut-cs378-s22-pg0.utah.cloudlab.us,timestamp:1649980585
2022-04-14T17:56:25,964 - MemoryUtilization.Percent:6.4|#Level:Host|#hostname:node0.grp14-a5.ut-cs378-s22-pg0.utah.cloudlab.us,timestamp:1649980585
2022-04-14T17:57:25,966 - CPUUtilization.Percent:0.0|#Level:Host|#hostname:node0.grp14-a5.ut-cs378-s22-pg0.utah.cloudlab.us,timestamp:1649980645
2022-04-14T17:57:25,967 - DiskAvailable.Gigabytes:4.365726470947266|#Level:Host|#hostname:node0.grp14-a5.ut-cs378-s22-pg0.utah.cloudlab.us,timestamp:1649980645
2022-04-14T17:57:25,967 - DiskUsage.Gigabytes:10.458213806152344|#Level:Host|#hostname:node0.grp14-a5.ut-cs378-s22-pg0.utah.cloudlab.us,timestamp:1649980645
2022-04-14T17:57:25,967 - DiskUtilization.Percent:70.5|#Level:Host|#hostname:node0.grp14-a5.ut-cs378-s22-pg0.utah.cloudlab.us,timestamp:1649980645
2022-04-14T17:57:25,968 - MemoryAvailable.Megabytes:60153.12109375|#Level:Host|#hostname:node0.grp14-a5.ut-cs378-s22-pg0.utah.cloudlab.us,timestamp:1649980645
2022-04-14T17:57:25,968 - MemoryUsed.Megabytes:3421.640625|#Level:Host|#hostname:node0.grp14-a5.ut-cs378-s22-pg0.utah.cloudlab.us,timestamp:1649980645
2022-04-14T17:57:25,968 - MemoryUtilization.Percent:6.4|#Level:Host|#hostname:node0.grp14-a5.ut-cs378-s22-pg0.utah.cloudlab.us,timestamp:1649980645
2022-04-14T17:58:25,964 - CPUUtilization.Percent:14.3|#Level:Host|#hostname:node0.grp14-a5.ut-cs378-s22-pg0.utah.cloudlab.us,timestamp:1649980705
2022-04-14T17:58:25,964 - DiskAvailable.Gigabytes:4.365718841552734|#Level:Host|#hostname:node0.grp14-a5.ut-cs378-s22-pg0.utah.cloudlab.us,timestamp:1649980705
2022-04-14T17:58:25,964 - DiskUsage.Gigabytes:10.458221435546875|#Level:Host|#hostname:node0.grp14-a5.ut-cs378-s22-pg0.utah.cloudlab.us,timestamp:1649980705
2022-04-14T17:58:25,965 - DiskUtilization.Percent:70.5|#Level:Host|#hostname:node0.grp14-a5.ut-cs378-s22-pg0.utah.cloudlab.us,timestamp:1649980705
2022-04-14T17:58:25,965 - MemoryAvailable.Megabytes:60152.84375|#Level:Host|#hostname:node0.grp14-a5.ut-cs378-s22-pg0.utah.cloudlab.us,timestamp:1649980705
2022-04-14T17:58:25,965 - MemoryUsed.Megabytes:3421.9140625|#Level:Host|#hostname:node0.grp14-a5.ut-cs378-s22-pg0.utah.cloudlab.us,timestamp:1649980705
2022-04-14T17:58:25,965 - MemoryUtilization.Percent:6.4|#Level:Host|#hostname:node0.grp14-a5.ut-cs378-s22-pg0.utah.cloudlab.us,timestamp:1649980705
2022-04-14T17:59:25,964 - CPUUtilization.Percent:0.0|#Level:Host|#hostname:node0.grp14-a5.ut-cs378-s22-pg0.utah.cloudlab.us,timestamp:1649980765
2022-04-14T17:59:25,965 - DiskAvailable.Gigabytes:4.365718841552734|#Level:Host|#hostname:node0.grp14-a5.ut-cs378-s22-pg0.utah.cloudlab.us,timestamp:1649980765
2022-04-14T17:59:25,965 - DiskUsage.Gigabytes:10.458221435546875|#Level:Host|#hostname:node0.grp14-a5.ut-cs378-s22-pg0.utah.cloudlab.us,timestamp:1649980765
2022-04-14T17:59:25,965 - DiskUtilization.Percent:70.5|#Level:Host|#hostname:node0.grp14-a5.ut-cs378-s22-pg0.utah.cloudlab.us,timestamp:1649980765
2022-04-14T17:59:25,965 - MemoryAvailable.Megabytes:60157.0390625|#Level:Host|#hostname:node0.grp14-a5.ut-cs378-s22-pg0.utah.cloudlab.us,timestamp:1649980765
2022-04-14T17:59:25,966 - MemoryUsed.Megabytes:3417.73046875|#Level:Host|#hostname:node0.grp14-a5.ut-cs378-s22-pg0.utah.cloudlab.us,timestamp:1649980765
2022-04-14T17:59:25,966 - MemoryUtilization.Percent:6.4|#Level:Host|#hostname:node0.grp14-a5.ut-cs378-s22-pg0.utah.cloudlab.us,timestamp:1649980765
2022-04-14T18:00:25,967 - CPUUtilization.Percent:0.0|#Level:Host|#hostname:node0.grp14-a5.ut-cs378-s22-pg0.utah.cloudlab.us,timestamp:1649980825
2022-04-14T18:00:25,967 - DiskAvailable.Gigabytes:4.365467071533203|#Level:Host|#hostname:node0.grp14-a5.ut-cs378-s22-pg0.utah.cloudlab.us,timestamp:1649980825
2022-04-14T18:00:25,967 - DiskUsage.Gigabytes:10.458473205566406|#Level:Host|#hostname:node0.grp14-a5.ut-cs378-s22-pg0.utah.cloudlab.us,timestamp:1649980825
2022-04-14T18:00:25,967 - DiskUtilization.Percent:70.6|#Level:Host|#hostname:node0.grp14-a5.ut-cs378-s22-pg0.utah.cloudlab.us,timestamp:1649980825
2022-04-14T18:00:25,968 - MemoryAvailable.Megabytes:60156.62109375|#Level:Host|#hostname:node0.grp14-a5.ut-cs378-s22-pg0.utah.cloudlab.us,timestamp:1649980825
2022-04-14T18:00:25,968 - MemoryUsed.Megabytes:3418.15625|#Level:Host|#hostname:node0.grp14-a5.ut-cs378-s22-pg0.utah.cloudlab.us,timestamp:1649980825
2022-04-14T18:00:25,968 - MemoryUtilization.Percent:6.4|#Level:Host|#hostname:node0.grp14-a5.ut-cs378-s22-pg0.utah.cloudlab.us,timestamp:1649980825
2022-04-14T18:00:40,710 - Requests5XX.Count:1|#Level:Host|#hostname:node0.grp14-a5.ut-cs378-s22-pg0.utah.cloudlab.us,timestamp:null
2022-04-14T18:00:40,710 - WorkerThreadTime.ms:4|#Level:Host|#hostname:node0.grp14-a5.ut-cs378-s22-pg0.utah.cloudlab.us,timestamp:null
2022-04-14T18:01:25,970 - CPUUtilization.Percent:12.5|#Level:Host|#hostname:node0.grp14-a5.ut-cs378-s22-pg0.utah.cloudlab.us,timestamp:1649980885
2022-04-14T18:01:25,970 - DiskAvailable.Gigabytes:4.365459442138672|#Level:Host|#hostname:node0.grp14-a5.ut-cs378-s22-pg0.utah.cloudlab.us,timestamp:1649980885
2022-04-14T18:01:25,970 - DiskUsage.Gigabytes:10.458480834960938|#Level:Host|#hostname:node0.grp14-a5.ut-cs378-s22-pg0.utah.cloudlab.us,timestamp:1649980885
2022-04-14T18:01:25,970 - DiskUtilization.Percent:70.6|#Level:Host|#hostname:node0.grp14-a5.ut-cs378-s22-pg0.utah.cloudlab.us,timestamp:1649980885
2022-04-14T18:01:25,971 - MemoryAvailable.Megabytes:60111.77734375|#Level:Host|#hostname:node0.grp14-a5.ut-cs378-s22-pg0.utah.cloudlab.us,timestamp:1649980885
2022-04-14T18:01:25,971 - MemoryUsed.Megabytes:3462.9921875|#Level:Host|#hostname:node0.grp14-a5.ut-cs378-s22-pg0.utah.cloudlab.us,timestamp:1649980885
2022-04-14T18:01:25,971 - MemoryUtilization.Percent:6.5|#Level:Host|#hostname:node0.grp14-a5.ut-cs378-s22-pg0.utah.cloudlab.us,timestamp:1649980885
2022-04-14T18:02:25,970 - CPUUtilization.Percent:12.5|#Level:Host|#hostname:node0.grp14-a5.ut-cs378-s22-pg0.utah.cloudlab.us,timestamp:1649980945
2022-04-14T18:02:25,970 - DiskAvailable.Gigabytes:4.365447998046875|#Level:Host|#hostname:node0.grp14-a5.ut-cs378-s22-pg0.utah.cloudlab.us,timestamp:1649980945
2022-04-14T18:02:25,970 - DiskUsage.Gigabytes:10.458492279052734|#Level:Host|#hostname:node0.grp14-a5.ut-cs378-s22-pg0.utah.cloudlab.us,timestamp:1649980945
2022-04-14T18:02:25,971 - DiskUtilization.Percent:70.6|#Level:Host|#hostname:node0.grp14-a5.ut-cs378-s22-pg0.utah.cloudlab.us,timestamp:1649980945
2022-04-14T18:02:25,971 - MemoryAvailable.Megabytes:60110.73046875|#Level:Host|#hostname:node0.grp14-a5.ut-cs378-s22-pg0.utah.cloudlab.us,timestamp:1649980945
2022-04-14T18:02:25,971 - MemoryUsed.Megabytes:3464.05078125|#Level:Host|#hostname:node0.grp14-a5.ut-cs378-s22-pg0.utah.cloudlab.us,timestamp:1649980945
2022-04-14T18:02:25,971 - MemoryUtilization.Percent:6.5|#Level:Host|#hostname:node0.grp14-a5.ut-cs378-s22-pg0.utah.cloudlab.us,timestamp:1649980945
2022-04-14T18:54:06,954 - CPUUtilization.Percent:100.0|#Level:Host|#hostname:node0.grp14-a5.ut-cs378-s22-pg0.utah.cloudlab.us,timestamp:1649984046
2022-04-14T18:54:06,955 - DiskAvailable.Gigabytes:4.365413665771484|#Level:Host|#hostname:node0.grp14-a5.ut-cs378-s22-pg0.utah.cloudlab.us,timestamp:1649984046
2022-04-14T18:54:06,956 - DiskUsage.Gigabytes:10.458526611328125|#Level:Host|#hostname:node0.grp14-a5.ut-cs378-s22-pg0.utah.cloudlab.us,timestamp:1649984046
2022-04-14T18:54:06,957 - DiskUtilization.Percent:70.6|#Level:Host|#hostname:node0.grp14-a5.ut-cs378-s22-pg0.utah.cloudlab.us,timestamp:1649984046
2022-04-14T18:54:06,957 - MemoryAvailable.Megabytes:61815.51171875|#Level:Host|#hostname:node0.grp14-a5.ut-cs378-s22-pg0.utah.cloudlab.us,timestamp:1649984046
2022-04-14T18:54:06,957 - MemoryUsed.Megabytes:1759.2734375|#Level:Host|#hostname:node0.grp14-a5.ut-cs378-s22-pg0.utah.cloudlab.us,timestamp:1649984046
2022-04-14T18:54:06,958 - MemoryUtilization.Percent:3.9|#Level:Host|#hostname:node0.grp14-a5.ut-cs378-s22-pg0.utah.cloudlab.us,timestamp:1649984046
2022-04-14T18:54:09,373 - W-9011-vgg_1.0.ms:3716|#Level:Host|#hostname:node0.grp14-a5.ut-cs378-s22-pg0.utah.cloudlab.us,timestamp:1649984049
2022-04-14T18:54:09,374 - WorkerThreadTime.ms:135|#Level:Host|#hostname:node0.grp14-a5.ut-cs378-s22-pg0.utah.cloudlab.us,timestamp:null
2022-04-14T18:54:09,401 - W-9014-vgg_1.0.ms:3744|#Level:Host|#hostname:node0.grp14-a5.ut-cs378-s22-pg0.utah.cloudlab.us,timestamp:1649984049
2022-04-14T18:54:09,401 - WorkerThreadTime.ms:126|#Level:Host|#hostname:node0.grp14-a5.ut-cs378-s22-pg0.utah.cloudlab.us,timestamp:null
2022-04-14T18:54:09,406 - W-9003-vgg_1.0.ms:3752|#Level:Host|#hostname:node0.grp14-a5.ut-cs378-s22-pg0.utah.cloudlab.us,timestamp:1649984049
2022-04-14T18:54:09,407 - WorkerThreadTime.ms:139|#Level:Host|#hostname:node0.grp14-a5.ut-cs378-s22-pg0.utah.cloudlab.us,timestamp:null
2022-04-14T18:54:09,418 - W-9001-vgg_1.0.ms:3764|#Level:Host|#hostname:node0.grp14-a5.ut-cs378-s22-pg0.utah.cloudlab.us,timestamp:1649984049
2022-04-14T18:54:09,418 - WorkerThreadTime.ms:141|#Level:Host|#hostname:node0.grp14-a5.ut-cs378-s22-pg0.utah.cloudlab.us,timestamp:null
2022-04-14T18:54:09,444 - W-9007-vgg_1.0.ms:3789|#Level:Host|#hostname:node0.grp14-a5.ut-cs378-s22-pg0.utah.cloudlab.us,timestamp:1649984049
2022-04-14T18:54:09,445 - WorkerThreadTime.ms:123|#Level:Host|#hostname:node0.grp14-a5.ut-cs378-s22-pg0.utah.cloudlab.us,timestamp:null
2022-04-14T18:54:09,448 - W-9010-vgg_1.0.ms:3792|#Level:Host|#hostname:node0.grp14-a5.ut-cs378-s22-pg0.utah.cloudlab.us,timestamp:1649984049
2022-04-14T18:54:09,448 - WorkerThreadTime.ms:137|#Level:Host|#hostname:node0.grp14-a5.ut-cs378-s22-pg0.utah.cloudlab.us,timestamp:null
2022-04-14T18:54:09,452 - W-9002-vgg_1.0.ms:3798|#Level:Host|#hostname:node0.grp14-a5.ut-cs378-s22-pg0.utah.cloudlab.us,timestamp:1649984049
2022-04-14T18:54:09,452 - WorkerThreadTime.ms:124|#Level:Host|#hostname:node0.grp14-a5.ut-cs378-s22-pg0.utah.cloudlab.us,timestamp:null
2022-04-14T18:54:09,452 - W-9008-vgg_1.0.ms:3797|#Level:Host|#hostname:node0.grp14-a5.ut-cs378-s22-pg0.utah.cloudlab.us,timestamp:1649984049
2022-04-14T18:54:09,453 - WorkerThreadTime.ms:149|#Level:Host|#hostname:node0.grp14-a5.ut-cs378-s22-pg0.utah.cloudlab.us,timestamp:null
2022-04-14T18:54:09,459 - W-9004-vgg_1.0.ms:3805|#Level:Host|#hostname:node0.grp14-a5.ut-cs378-s22-pg0.utah.cloudlab.us,timestamp:1649984049
2022-04-14T18:54:09,459 - WorkerThreadTime.ms:57|#Level:Host|#hostname:node0.grp14-a5.ut-cs378-s22-pg0.utah.cloudlab.us,timestamp:null
2022-04-14T18:54:09,459 - W-9009-vgg_1.0.ms:3803|#Level:Host|#hostname:node0.grp14-a5.ut-cs378-s22-pg0.utah.cloudlab.us,timestamp:1649984049
2022-04-14T18:54:09,460 - WorkerThreadTime.ms:98|#Level:Host|#hostname:node0.grp14-a5.ut-cs378-s22-pg0.utah.cloudlab.us,timestamp:null
2022-04-14T18:54:09,480 - W-9006-vgg_1.0.ms:3825|#Level:Host|#hostname:node0.grp14-a5.ut-cs378-s22-pg0.utah.cloudlab.us,timestamp:1649984049
2022-04-14T18:54:09,481 - WorkerThreadTime.ms:52|#Level:Host|#hostname:node0.grp14-a5.ut-cs378-s22-pg0.utah.cloudlab.us,timestamp:null
2022-04-14T18:54:09,496 - W-9005-vgg_1.0.ms:3842|#Level:Host|#hostname:node0.grp14-a5.ut-cs378-s22-pg0.utah.cloudlab.us,timestamp:1649984049
2022-04-14T18:54:09,496 - WorkerThreadTime.ms:47|#Level:Host|#hostname:node0.grp14-a5.ut-cs378-s22-pg0.utah.cloudlab.us,timestamp:null
2022-04-14T18:54:09,505 - W-9015-vgg_1.0.ms:3832|#Level:Host|#hostname:node0.grp14-a5.ut-cs378-s22-pg0.utah.cloudlab.us,timestamp:1649984049
2022-04-14T18:54:09,505 - WorkerThreadTime.ms:47|#Level:Host|#hostname:node0.grp14-a5.ut-cs378-s22-pg0.utah.cloudlab.us,timestamp:null
2022-04-14T18:54:09,515 - W-9013-vgg_1.0.ms:3858|#Level:Host|#hostname:node0.grp14-a5.ut-cs378-s22-pg0.utah.cloudlab.us,timestamp:1649984049
2022-04-14T18:54:09,516 - WorkerThreadTime.ms:145|#Level:Host|#hostname:node0.grp14-a5.ut-cs378-s22-pg0.utah.cloudlab.us,timestamp:null
2022-04-14T18:54:09,521 - W-9000-vgg_1.0.ms:3870|#Level:Host|#hostname:node0.grp14-a5.ut-cs378-s22-pg0.utah.cloudlab.us,timestamp:1649984049
2022-04-14T18:54:09,521 - WorkerThreadTime.ms:55|#Level:Host|#hostname:node0.grp14-a5.ut-cs378-s22-pg0.utah.cloudlab.us,timestamp:null
2022-04-14T18:54:09,524 - W-9012-vgg_1.0.ms:3867|#Level:Host|#hostname:node0.grp14-a5.ut-cs378-s22-pg0.utah.cloudlab.us,timestamp:1649984049
2022-04-14T18:54:09,525 - WorkerThreadTime.ms:52|#Level:Host|#hostname:node0.grp14-a5.ut-cs378-s22-pg0.utah.cloudlab.us,timestamp:null
2022-04-14T18:54:25,529 - Requests2XX.Count:1|#Level:Host|#hostname:node0.grp14-a5.ut-cs378-s22-pg0.utah.cloudlab.us,timestamp:null
2022-04-14T18:54:38,498 - Requests2XX.Count:1|#Level:Host|#hostname:node0.grp14-a5.ut-cs378-s22-pg0.utah.cloudlab.us,timestamp:null
2022-04-14T18:54:38,498 - QueueTime.ms:0|#Level:Host|#hostname:node0.grp14-a5.ut-cs378-s22-pg0.utah.cloudlab.us,timestamp:null
2022-04-14T18:54:38,498 - WorkerThreadTime.ms:3|#Level:Host|#hostname:node0.grp14-a5.ut-cs378-s22-pg0.utah.cloudlab.us,timestamp:null
2022-04-14T18:55:06,895 - CPUUtilization.Percent:9.1|#Level:Host|#hostname:node0.grp14-a5.ut-cs378-s22-pg0.utah.cloudlab.us,timestamp:1649984106
2022-04-14T18:55:06,896 - DiskAvailable.Gigabytes:4.365348815917969|#Level:Host|#hostname:node0.grp14-a5.ut-cs378-s22-pg0.utah.cloudlab.us,timestamp:1649984106
2022-04-14T18:55:06,896 - DiskUsage.Gigabytes:10.45859146118164|#Level:Host|#hostname:node0.grp14-a5.ut-cs378-s22-pg0.utah.cloudlab.us,timestamp:1649984106
2022-04-14T18:55:06,896 - DiskUtilization.Percent:70.6|#Level:Host|#hostname:node0.grp14-a5.ut-cs378-s22-pg0.utah.cloudlab.us,timestamp:1649984106
2022-04-14T18:55:06,897 - MemoryAvailable.Megabytes:60133.703125|#Level:Host|#hostname:node0.grp14-a5.ut-cs378-s22-pg0.utah.cloudlab.us,timestamp:1649984106
2022-04-14T18:55:06,897 - MemoryUsed.Megabytes:3441.08203125|#Level:Host|#hostname:node0.grp14-a5.ut-cs378-s22-pg0.utah.cloudlab.us,timestamp:1649984106
2022-04-14T18:55:06,897 - MemoryUtilization.Percent:6.5|#Level:Host|#hostname:node0.grp14-a5.ut-cs378-s22-pg0.utah.cloudlab.us,timestamp:1649984106
2022-04-14T18:56:35,549 - CPUUtilization.Percent:83.3|#Level:Host|#hostname:node0.grp14-a5.ut-cs378-s22-pg0.utah.cloudlab.us,timestamp:1649984195
2022-04-14T18:56:35,551 - DiskAvailable.Gigabytes:4.365322113037109|#Level:Host|#hostname:node0.grp14-a5.ut-cs378-s22-pg0.utah.cloudlab.us,timestamp:1649984195
2022-04-14T18:56:35,551 - DiskUsage.Gigabytes:10.4586181640625|#Level:Host|#hostname:node0.grp14-a5.ut-cs378-s22-pg0.utah.cloudlab.us,timestamp:1649984195
2022-04-14T18:56:35,552 - DiskUtilization.Percent:70.6|#Level:Host|#hostname:node0.grp14-a5.ut-cs378-s22-pg0.utah.cloudlab.us,timestamp:1649984195
2022-04-14T18:56:35,552 - MemoryAvailable.Megabytes:61823.95703125|#Level:Host|#hostname:node0.grp14-a5.ut-cs378-s22-pg0.utah.cloudlab.us,timestamp:1649984195
2022-04-14T18:56:35,553 - MemoryUsed.Megabytes:1750.828125|#Level:Host|#hostname:node0.grp14-a5.ut-cs378-s22-pg0.utah.cloudlab.us,timestamp:1649984195
2022-04-14T18:56:35,553 - MemoryUtilization.Percent:3.8|#Level:Host|#hostname:node0.grp14-a5.ut-cs378-s22-pg0.utah.cloudlab.us,timestamp:1649984195
2022-04-14T18:56:37,973 - W-9001-vgg_1.0.ms:3730|#Level:Host|#hostname:node0.grp14-a5.ut-cs378-s22-pg0.utah.cloudlab.us,timestamp:1649984197
2022-04-14T18:56:37,974 - WorkerThreadTime.ms:127|#Level:Host|#hostname:node0.grp14-a5.ut-cs378-s22-pg0.utah.cloudlab.us,timestamp:null
2022-04-14T18:56:37,980 - W-9011-vgg_1.0.ms:3734|#Level:Host|#hostname:node0.grp14-a5.ut-cs378-s22-pg0.utah.cloudlab.us,timestamp:1649984197
2022-04-14T18:56:37,980 - WorkerThreadTime.ms:126|#Level:Host|#hostname:node0.grp14-a5.ut-cs378-s22-pg0.utah.cloudlab.us,timestamp:null
2022-04-14T18:56:37,972 - W-9000-vgg_1.0.ms:3731|#Level:Host|#hostname:node0.grp14-a5.ut-cs378-s22-pg0.utah.cloudlab.us,timestamp:1649984197
2022-04-14T18:56:37,982 - WorkerThreadTime.ms:137|#Level:Host|#hostname:node0.grp14-a5.ut-cs378-s22-pg0.utah.cloudlab.us,timestamp:null
2022-04-14T18:56:37,988 - W-9004-vgg_1.0.ms:3744|#Level:Host|#hostname:node0.grp14-a5.ut-cs378-s22-pg0.utah.cloudlab.us,timestamp:1649984197
2022-04-14T18:56:37,988 - WorkerThreadTime.ms:106|#Level:Host|#hostname:node0.grp14-a5.ut-cs378-s22-pg0.utah.cloudlab.us,timestamp:null
2022-04-14T18:56:38,014 - W-9003-vgg_1.0.ms:3771|#Level:Host|#hostname:node0.grp14-a5.ut-cs378-s22-pg0.utah.cloudlab.us,timestamp:1649984198
2022-04-14T18:56:38,014 - WorkerThreadTime.ms:130|#Level:Host|#hostname:node0.grp14-a5.ut-cs378-s22-pg0.utah.cloudlab.us,timestamp:null
2022-04-14T18:56:38,020 - W-9009-vgg_1.0.ms:3775|#Level:Host|#hostname:node0.grp14-a5.ut-cs378-s22-pg0.utah.cloudlab.us,timestamp:1649984198
2022-04-14T18:56:38,020 - WorkerThreadTime.ms:118|#Level:Host|#hostname:node0.grp14-a5.ut-cs378-s22-pg0.utah.cloudlab.us,timestamp:null
2022-04-14T18:56:38,021 - W-9005-vgg_1.0.ms:3777|#Level:Host|#hostname:node0.grp14-a5.ut-cs378-s22-pg0.utah.cloudlab.us,timestamp:1649984198
2022-04-14T18:56:38,021 - WorkerThreadTime.ms:127|#Level:Host|#hostname:node0.grp14-a5.ut-cs378-s22-pg0.utah.cloudlab.us,timestamp:null
2022-04-14T18:56:38,023 - W-9006-vgg_1.0.ms:3779|#Level:Host|#hostname:node0.grp14-a5.ut-cs378-s22-pg0.utah.cloudlab.us,timestamp:1649984198
2022-04-14T18:56:38,024 - WorkerThreadTime.ms:120|#Level:Host|#hostname:node0.grp14-a5.ut-cs378-s22-pg0.utah.cloudlab.us,timestamp:null
2022-04-14T18:56:38,039 - W-9012-vgg_1.0.ms:3792|#Level:Host|#hostname:node0.grp14-a5.ut-cs378-s22-pg0.utah.cloudlab.us,timestamp:1649984198
2022-04-14T18:56:38,040 - WorkerThreadTime.ms:29|#Level:Host|#hostname:node0.grp14-a5.ut-cs378-s22-pg0.utah.cloudlab.us,timestamp:null
2022-04-14T18:56:38,063 - W-9010-vgg_1.0.ms:3817|#Level:Host|#hostname:node0.grp14-a5.ut-cs378-s22-pg0.utah.cloudlab.us,timestamp:1649984198
2022-04-14T18:56:38,064 - WorkerThreadTime.ms:58|#Level:Host|#hostname:node0.grp14-a5.ut-cs378-s22-pg0.utah.cloudlab.us,timestamp:null
2022-04-14T18:56:38,066 - W-9008-vgg_1.0.ms:3821|#Level:Host|#hostname:node0.grp14-a5.ut-cs378-s22-pg0.utah.cloudlab.us,timestamp:1649984198
2022-04-14T18:56:38,067 - WorkerThreadTime.ms:70|#Level:Host|#hostname:node0.grp14-a5.ut-cs378-s22-pg0.utah.cloudlab.us,timestamp:null
2022-04-14T18:56:38,068 - W-9002-vgg_1.0.ms:3825|#Level:Host|#hostname:node0.grp14-a5.ut-cs378-s22-pg0.utah.cloudlab.us,timestamp:1649984198
2022-04-14T18:56:38,068 - WorkerThreadTime.ms:38|#Level:Host|#hostname:node0.grp14-a5.ut-cs378-s22-pg0.utah.cloudlab.us,timestamp:null
2022-04-14T18:56:38,069 - W-9013-vgg_1.0.ms:3822|#Level:Host|#hostname:node0.grp14-a5.ut-cs378-s22-pg0.utah.cloudlab.us,timestamp:1649984198
2022-04-14T18:56:38,069 - WorkerThreadTime.ms:47|#Level:Host|#hostname:node0.grp14-a5.ut-cs378-s22-pg0.utah.cloudlab.us,timestamp:null
2022-04-14T18:56:38,076 - W-9007-vgg_1.0.ms:3832|#Level:Host|#hostname:node0.grp14-a5.ut-cs378-s22-pg0.utah.cloudlab.us,timestamp:1649984198
2022-04-14T18:56:38,077 - WorkerThreadTime.ms:33|#Level:Host|#hostname:node0.grp14-a5.ut-cs378-s22-pg0.utah.cloudlab.us,timestamp:null
2022-04-14T18:56:38,082 - W-9015-vgg_1.0.ms:3812|#Level:Host|#hostname:node0.grp14-a5.ut-cs378-s22-pg0.utah.cloudlab.us,timestamp:1649984198
2022-04-14T18:56:38,083 - WorkerThreadTime.ms:31|#Level:Host|#hostname:node0.grp14-a5.ut-cs378-s22-pg0.utah.cloudlab.us,timestamp:null
2022-04-14T18:56:38,112 - W-9014-vgg_1.0.ms:3842|#Level:Host|#hostname:node0.grp14-a5.ut-cs378-s22-pg0.utah.cloudlab.us,timestamp:1649984198
2022-04-14T18:56:38,112 - WorkerThreadTime.ms:52|#Level:Host|#hostname:node0.grp14-a5.ut-cs378-s22-pg0.utah.cloudlab.us,timestamp:null
2022-04-14T18:56:55,946 - Requests2XX.Count:1|#Level:Host|#hostname:node0.grp14-a5.ut-cs378-s22-pg0.utah.cloudlab.us,timestamp:null
2022-04-14T18:56:55,946 - QueueTime.ms:0|#Level:Host|#hostname:node0.grp14-a5.ut-cs378-s22-pg0.utah.cloudlab.us,timestamp:null
2022-04-14T18:56:55,946 - WorkerThreadTime.ms:5|#Level:Host|#hostname:node0.grp14-a5.ut-cs378-s22-pg0.utah.cloudlab.us,timestamp:null
2022-04-14T18:57:35,437 - CPUUtilization.Percent:14.3|#Level:Host|#hostname:node0.grp14-a5.ut-cs378-s22-pg0.utah.cloudlab.us,timestamp:1649984255
2022-04-14T18:57:35,437 - DiskAvailable.Gigabytes:4.365268707275391|#Level:Host|#hostname:node0.grp14-a5.ut-cs378-s22-pg0.utah.cloudlab.us,timestamp:1649984255
2022-04-14T18:57:35,437 - DiskUsage.Gigabytes:10.458671569824219|#Level:Host|#hostname:node0.grp14-a5.ut-cs378-s22-pg0.utah.cloudlab.us,timestamp:1649984255
2022-04-14T18:57:35,438 - DiskUtilization.Percent:70.6|#Level:Host|#hostname:node0.grp14-a5.ut-cs378-s22-pg0.utah.cloudlab.us,timestamp:1649984255
2022-04-14T18:57:35,438 - MemoryAvailable.Megabytes:60151.94921875|#Level:Host|#hostname:node0.grp14-a5.ut-cs378-s22-pg0.utah.cloudlab.us,timestamp:1649984255
2022-04-14T18:57:35,438 - MemoryUsed.Megabytes:3422.83203125|#Level:Host|#hostname:node0.grp14-a5.ut-cs378-s22-pg0.utah.cloudlab.us,timestamp:1649984255
2022-04-14T18:57:35,438 - MemoryUtilization.Percent:6.4|#Level:Host|#hostname:node0.grp14-a5.ut-cs378-s22-pg0.utah.cloudlab.us,timestamp:1649984255
2022-04-14T18:58:35,437 - CPUUtilization.Percent:25.0|#Level:Host|#hostname:node0.grp14-a5.ut-cs378-s22-pg0.utah.cloudlab.us,timestamp:1649984315
2022-04-14T18:58:35,438 - DiskAvailable.Gigabytes:4.365268707275391|#Level:Host|#hostname:node0.grp14-a5.ut-cs378-s22-pg0.utah.cloudlab.us,timestamp:1649984315
2022-04-14T18:58:35,439 - DiskUsage.Gigabytes:10.458671569824219|#Level:Host|#hostname:node0.grp14-a5.ut-cs378-s22-pg0.utah.cloudlab.us,timestamp:1649984315
2022-04-14T18:58:35,439 - DiskUtilization.Percent:70.6|#Level:Host|#hostname:node0.grp14-a5.ut-cs378-s22-pg0.utah.cloudlab.us,timestamp:1649984315
2022-04-14T18:58:35,439 - MemoryAvailable.Megabytes:60155.453125|#Level:Host|#hostname:node0.grp14-a5.ut-cs378-s22-pg0.utah.cloudlab.us,timestamp:1649984315
2022-04-14T18:58:35,439 - MemoryUsed.Megabytes:3419.328125|#Level:Host|#hostname:node0.grp14-a5.ut-cs378-s22-pg0.utah.cloudlab.us,timestamp:1649984315
2022-04-14T18:58:35,439 - MemoryUtilization.Percent:6.4|#Level:Host|#hostname:node0.grp14-a5.ut-cs378-s22-pg0.utah.cloudlab.us,timestamp:1649984315
2022-04-14T18:59:35,440 - CPUUtilization.Percent:0.0|#Level:Host|#hostname:node0.grp14-a5.ut-cs378-s22-pg0.utah.cloudlab.us,timestamp:1649984375
2022-04-14T18:59:35,441 - DiskAvailable.Gigabytes:4.365261077880859|#Level:Host|#hostname:node0.grp14-a5.ut-cs378-s22-pg0.utah.cloudlab.us,timestamp:1649984375
2022-04-14T18:59:35,441 - DiskUsage.Gigabytes:10.45867919921875|#Level:Host|#hostname:node0.grp14-a5.ut-cs378-s22-pg0.utah.cloudlab.us,timestamp:1649984375
2022-04-14T18:59:35,441 - DiskUtilization.Percent:70.6|#Level:Host|#hostname:node0.grp14-a5.ut-cs378-s22-pg0.utah.cloudlab.us,timestamp:1649984375
2022-04-14T18:59:35,441 - MemoryAvailable.Megabytes:60150.80859375|#Level:Host|#hostname:node0.grp14-a5.ut-cs378-s22-pg0.utah.cloudlab.us,timestamp:1649984375
2022-04-14T18:59:35,442 - MemoryUsed.Megabytes:3423.95703125|#Level:Host|#hostname:node0.grp14-a5.ut-cs378-s22-pg0.utah.cloudlab.us,timestamp:1649984375
2022-04-14T18:59:35,442 - MemoryUtilization.Percent:6.4|#Level:Host|#hostname:node0.grp14-a5.ut-cs378-s22-pg0.utah.cloudlab.us,timestamp:1649984375
2022-04-14T19:00:35,442 - CPUUtilization.Percent:0.0|#Level:Host|#hostname:node0.grp14-a5.ut-cs378-s22-pg0.utah.cloudlab.us,timestamp:1649984435
2022-04-14T19:00:35,442 - DiskAvailable.Gigabytes:4.365261077880859|#Level:Host|#hostname:node0.grp14-a5.ut-cs378-s22-pg0.utah.cloudlab.us,timestamp:1649984435
2022-04-14T19:00:35,442 - DiskUsage.Gigabytes:10.45867919921875|#Level:Host|#hostname:node0.grp14-a5.ut-cs378-s22-pg0.utah.cloudlab.us,timestamp:1649984435
2022-04-14T19:00:35,443 - DiskUtilization.Percent:70.6|#Level:Host|#hostname:node0.grp14-a5.ut-cs378-s22-pg0.utah.cloudlab.us,timestamp:1649984435
2022-04-14T19:00:35,443 - MemoryAvailable.Megabytes:60150.53515625|#Level:Host|#hostname:node0.grp14-a5.ut-cs378-s22-pg0.utah.cloudlab.us,timestamp:1649984435
2022-04-14T19:00:35,443 - MemoryUsed.Megabytes:3424.22265625|#Level:Host|#hostname:node0.grp14-a5.ut-cs378-s22-pg0.utah.cloudlab.us,timestamp:1649984435
2022-04-14T19:00:35,443 - MemoryUtilization.Percent:6.4|#Level:Host|#hostname:node0.grp14-a5.ut-cs378-s22-pg0.utah.cloudlab.us,timestamp:1649984435
2022-04-14T19:01:35,442 - CPUUtilization.Percent:0.0|#Level:Host|#hostname:node0.grp14-a5.ut-cs378-s22-pg0.utah.cloudlab.us,timestamp:1649984495
2022-04-14T19:01:35,443 - DiskAvailable.Gigabytes:4.365261077880859|#Level:Host|#hostname:node0.grp14-a5.ut-cs378-s22-pg0.utah.cloudlab.us,timestamp:1649984495
2022-04-14T19:01:35,443 - DiskUsage.Gigabytes:10.45867919921875|#Level:Host|#hostname:node0.grp14-a5.ut-cs378-s22-pg0.utah.cloudlab.us,timestamp:1649984495
2022-04-14T19:01:35,443 - DiskUtilization.Percent:70.6|#Level:Host|#hostname:node0.grp14-a5.ut-cs378-s22-pg0.utah.cloudlab.us,timestamp:1649984495
2022-04-14T19:01:35,444 - MemoryAvailable.Megabytes:60154.68359375|#Level:Host|#hostname:node0.grp14-a5.ut-cs378-s22-pg0.utah.cloudlab.us,timestamp:1649984495
2022-04-14T19:01:35,444 - MemoryUsed.Megabytes:3420.0625|#Level:Host|#hostname:node0.grp14-a5.ut-cs378-s22-pg0.utah.cloudlab.us,timestamp:1649984495
2022-04-14T19:01:35,444 - MemoryUtilization.Percent:6.4|#Level:Host|#hostname:node0.grp14-a5.ut-cs378-s22-pg0.utah.cloudlab.us,timestamp:1649984495
2022-04-14T19:02:35,449 - CPUUtilization.Percent:11.1|#Level:Host|#hostname:node0.grp14-a5.ut-cs378-s22-pg0.utah.cloudlab.us,timestamp:1649984555
2022-04-14T19:02:35,449 - DiskAvailable.Gigabytes:4.365257263183594|#Level:Host|#hostname:node0.grp14-a5.ut-cs378-s22-pg0.utah.cloudlab.us,timestamp:1649984555
2022-04-14T19:02:35,449 - DiskUsage.Gigabytes:10.458683013916016|#Level:Host|#hostname:node0.grp14-a5.ut-cs378-s22-pg0.utah.cloudlab.us,timestamp:1649984555
2022-04-14T19:02:35,450 - DiskUtilization.Percent:70.6|#Level:Host|#hostname:node0.grp14-a5.ut-cs378-s22-pg0.utah.cloudlab.us,timestamp:1649984555
2022-04-14T19:02:35,450 - MemoryAvailable.Megabytes:60153.953125|#Level:Host|#hostname:node0.grp14-a5.ut-cs378-s22-pg0.utah.cloudlab.us,timestamp:1649984555
2022-04-14T19:02:35,450 - MemoryUsed.Megabytes:3420.86328125|#Level:Host|#hostname:node0.grp14-a5.ut-cs378-s22-pg0.utah.cloudlab.us,timestamp:1649984555
2022-04-14T19:02:35,450 - MemoryUtilization.Percent:6.4|#Level:Host|#hostname:node0.grp14-a5.ut-cs378-s22-pg0.utah.cloudlab.us,timestamp:1649984555
2022-04-14T19:03:35,448 - CPUUtilization.Percent:0.0|#Level:Host|#hostname:node0.grp14-a5.ut-cs378-s22-pg0.utah.cloudlab.us,timestamp:1649984615
2022-04-14T19:03:35,448 - DiskAvailable.Gigabytes:4.365253448486328|#Level:Host|#hostname:node0.grp14-a5.ut-cs378-s22-pg0.utah.cloudlab.us,timestamp:1649984615
2022-04-14T19:03:35,449 - DiskUsage.Gigabytes:10.458686828613281|#Level:Host|#hostname:node0.grp14-a5.ut-cs378-s22-pg0.utah.cloudlab.us,timestamp:1649984615
2022-04-14T19:03:35,449 - DiskUtilization.Percent:70.6|#Level:Host|#hostname:node0.grp14-a5.ut-cs378-s22-pg0.utah.cloudlab.us,timestamp:1649984615
2022-04-14T19:03:35,449 - MemoryAvailable.Megabytes:60153.58203125|#Level:Host|#hostname:node0.grp14-a5.ut-cs378-s22-pg0.utah.cloudlab.us,timestamp:1649984615
2022-04-14T19:03:35,449 - MemoryUsed.Megabytes:3421.171875|#Level:Host|#hostname:node0.grp14-a5.ut-cs378-s22-pg0.utah.cloudlab.us,timestamp:1649984615
2022-04-14T19:03:35,449 - MemoryUtilization.Percent:6.4|#Level:Host|#hostname:node0.grp14-a5.ut-cs378-s22-pg0.utah.cloudlab.us,timestamp:1649984615
2022-04-14T19:04:35,456 - CPUUtilization.Percent:11.1|#Level:Host|#hostname:node0.grp14-a5.ut-cs378-s22-pg0.utah.cloudlab.us,timestamp:1649984675
2022-04-14T19:04:35,456 - DiskAvailable.Gigabytes:4.365253448486328|#Level:Host|#hostname:node0.grp14-a5.ut-cs378-s22-pg0.utah.cloudlab.us,timestamp:1649984675
2022-04-14T19:04:35,456 - DiskUsage.Gigabytes:10.458686828613281|#Level:Host|#hostname:node0.grp14-a5.ut-cs378-s22-pg0.utah.cloudlab.us,timestamp:1649984675
2022-04-14T19:04:35,457 - DiskUtilization.Percent:70.6|#Level:Host|#hostname:node0.grp14-a5.ut-cs378-s22-pg0.utah.cloudlab.us,timestamp:1649984675
2022-04-14T19:04:35,457 - MemoryAvailable.Megabytes:60152.22265625|#Level:Host|#hostname:node0.grp14-a5.ut-cs378-s22-pg0.utah.cloudlab.us,timestamp:1649984675
2022-04-14T19:04:35,457 - MemoryUsed.Megabytes:3422.52734375|#Level:Host|#hostname:node0.grp14-a5.ut-cs378-s22-pg0.utah.cloudlab.us,timestamp:1649984675
2022-04-14T19:04:35,457 - MemoryUtilization.Percent:6.4|#Level:Host|#hostname:node0.grp14-a5.ut-cs378-s22-pg0.utah.cloudlab.us,timestamp:1649984675
2022-04-14T19:12:15,848 - CPUUtilization.Percent:87.5|#Level:Host|#hostname:node0.grp14-a5.ut-cs378-s22-pg0.utah.cloudlab.us,timestamp:1649985135
2022-04-14T19:12:15,849 - DiskAvailable.Gigabytes:4.3652191162109375|#Level:Host|#hostname:node0.grp14-a5.ut-cs378-s22-pg0.utah.cloudlab.us,timestamp:1649985135
2022-04-14T19:12:15,849 - DiskUsage.Gigabytes:10.458721160888672|#Level:Host|#hostname:node0.grp14-a5.ut-cs378-s22-pg0.utah.cloudlab.us,timestamp:1649985135
2022-04-14T19:12:15,850 - DiskUtilization.Percent:70.6|#Level:Host|#hostname:node0.grp14-a5.ut-cs378-s22-pg0.utah.cloudlab.us,timestamp:1649985135
2022-04-14T19:12:15,856 - MemoryAvailable.Megabytes:61816.18359375|#Level:Host|#hostname:node0.grp14-a5.ut-cs378-s22-pg0.utah.cloudlab.us,timestamp:1649985135
2022-04-14T19:12:15,856 - MemoryUsed.Megabytes:1758.6015625|#Level:Host|#hostname:node0.grp14-a5.ut-cs378-s22-pg0.utah.cloudlab.us,timestamp:1649985135
2022-04-14T19:12:15,857 - MemoryUtilization.Percent:3.9|#Level:Host|#hostname:node0.grp14-a5.ut-cs378-s22-pg0.utah.cloudlab.us,timestamp:1649985135
2022-04-14T19:12:18,237 - W-9000-vgg_1.0.ms:3647|#Level:Host|#hostname:node0.grp14-a5.ut-cs378-s22-pg0.utah.cloudlab.us,timestamp:1649985138
2022-04-14T19:12:18,238 - WorkerThreadTime.ms:100|#Level:Host|#hostname:node0.grp14-a5.ut-cs378-s22-pg0.utah.cloudlab.us,timestamp:null
2022-04-14T19:12:18,241 - W-9002-vgg_1.0.ms:3649|#Level:Host|#hostname:node0.grp14-a5.ut-cs378-s22-pg0.utah.cloudlab.us,timestamp:1649985138
2022-04-14T19:12:18,241 - WorkerThreadTime.ms:115|#Level:Host|#hostname:node0.grp14-a5.ut-cs378-s22-pg0.utah.cloudlab.us,timestamp:null
2022-04-14T19:12:18,255 - W-9005-vgg_1.0.ms:3662|#Level:Host|#hostname:node0.grp14-a5.ut-cs378-s22-pg0.utah.cloudlab.us,timestamp:1649985138
2022-04-14T19:12:18,257 - WorkerThreadTime.ms:118|#Level:Host|#hostname:node0.grp14-a5.ut-cs378-s22-pg0.utah.cloudlab.us,timestamp:null
2022-04-14T19:12:18,285 - W-9013-vgg_1.0.ms:3689|#Level:Host|#hostname:node0.grp14-a5.ut-cs378-s22-pg0.utah.cloudlab.us,timestamp:1649985138
2022-04-14T19:12:18,285 - WorkerThreadTime.ms:54|#Level:Host|#hostname:node0.grp14-a5.ut-cs378-s22-pg0.utah.cloudlab.us,timestamp:null
2022-04-14T19:12:18,296 - W-9001-vgg_1.0.ms:3704|#Level:Host|#hostname:node0.grp14-a5.ut-cs378-s22-pg0.utah.cloudlab.us,timestamp:1649985138
2022-04-14T19:12:18,296 - WorkerThreadTime.ms:155|#Level:Host|#hostname:node0.grp14-a5.ut-cs378-s22-pg0.utah.cloudlab.us,timestamp:null
2022-04-14T19:12:18,299 - W-9006-vgg_1.0.ms:3706|#Level:Host|#hostname:node0.grp14-a5.ut-cs378-s22-pg0.utah.cloudlab.us,timestamp:1649985138
2022-04-14T19:12:18,300 - WorkerThreadTime.ms:61|#Level:Host|#hostname:node0.grp14-a5.ut-cs378-s22-pg0.utah.cloudlab.us,timestamp:null
2022-04-14T19:12:18,312 - W-9009-vgg_1.0.ms:3717|#Level:Host|#hostname:node0.grp14-a5.ut-cs378-s22-pg0.utah.cloudlab.us,timestamp:1649985138
2022-04-14T19:12:18,313 - WorkerThreadTime.ms:154|#Level:Host|#hostname:node0.grp14-a5.ut-cs378-s22-pg0.utah.cloudlab.us,timestamp:null
2022-04-14T19:12:18,323 - W-9012-vgg_1.0.ms:3727|#Level:Host|#hostname:node0.grp14-a5.ut-cs378-s22-pg0.utah.cloudlab.us,timestamp:1649985138
2022-04-14T19:12:18,323 - WorkerThreadTime.ms:153|#Level:Host|#hostname:node0.grp14-a5.ut-cs378-s22-pg0.utah.cloudlab.us,timestamp:null
2022-04-14T19:12:18,336 - W-9011-vgg_1.0.ms:3741|#Level:Host|#hostname:node0.grp14-a5.ut-cs378-s22-pg0.utah.cloudlab.us,timestamp:1649985138
2022-04-14T19:12:18,336 - WorkerThreadTime.ms:149|#Level:Host|#hostname:node0.grp14-a5.ut-cs378-s22-pg0.utah.cloudlab.us,timestamp:null
2022-04-14T19:12:18,339 - W-9003-vgg_1.0.ms:3746|#Level:Host|#hostname:node0.grp14-a5.ut-cs378-s22-pg0.utah.cloudlab.us,timestamp:1649985138
2022-04-14T19:12:18,339 - WorkerThreadTime.ms:148|#Level:Host|#hostname:node0.grp14-a5.ut-cs378-s22-pg0.utah.cloudlab.us,timestamp:null
2022-04-14T19:12:18,372 - W-9014-vgg_1.0.ms:3776|#Level:Host|#hostname:node0.grp14-a5.ut-cs378-s22-pg0.utah.cloudlab.us,timestamp:1649985138
2022-04-14T19:12:18,373 - WorkerThreadTime.ms:43|#Level:Host|#hostname:node0.grp14-a5.ut-cs378-s22-pg0.utah.cloudlab.us,timestamp:null
2022-04-14T19:12:18,396 - W-9008-vgg_1.0.ms:3802|#Level:Host|#hostname:node0.grp14-a5.ut-cs378-s22-pg0.utah.cloudlab.us,timestamp:1649985138
2022-04-14T19:12:18,396 - WorkerThreadTime.ms:42|#Level:Host|#hostname:node0.grp14-a5.ut-cs378-s22-pg0.utah.cloudlab.us,timestamp:null
2022-04-14T19:12:18,400 - W-9010-vgg_1.0.ms:3805|#Level:Host|#hostname:node0.grp14-a5.ut-cs378-s22-pg0.utah.cloudlab.us,timestamp:1649985138
2022-04-14T19:12:18,400 - WorkerThreadTime.ms:81|#Level:Host|#hostname:node0.grp14-a5.ut-cs378-s22-pg0.utah.cloudlab.us,timestamp:null
2022-04-14T19:12:18,400 - W-9007-vgg_1.0.ms:3806|#Level:Host|#hostname:node0.grp14-a5.ut-cs378-s22-pg0.utah.cloudlab.us,timestamp:1649985138
2022-04-14T19:12:18,401 - WorkerThreadTime.ms:52|#Level:Host|#hostname:node0.grp14-a5.ut-cs378-s22-pg0.utah.cloudlab.us,timestamp:null
2022-04-14T19:12:18,405 - W-9004-vgg_1.0.ms:3812|#Level:Host|#hostname:node0.grp14-a5.ut-cs378-s22-pg0.utah.cloudlab.us,timestamp:1649985138
2022-04-14T19:12:18,406 - WorkerThreadTime.ms:58|#Level:Host|#hostname:node0.grp14-a5.ut-cs378-s22-pg0.utah.cloudlab.us,timestamp:null
2022-04-14T19:12:18,407 - W-9015-vgg_1.0.ms:3789|#Level:Host|#hostname:node0.grp14-a5.ut-cs378-s22-pg0.utah.cloudlab.us,timestamp:1649985138
2022-04-14T19:12:18,407 - WorkerThreadTime.ms:123|#Level:Host|#hostname:node0.grp14-a5.ut-cs378-s22-pg0.utah.cloudlab.us,timestamp:null
2022-04-14T19:12:27,495 - Requests2XX.Count:1|#Level:Host|#hostname:node0.grp14-a5.ut-cs378-s22-pg0.utah.cloudlab.us,timestamp:null
2022-04-14T19:12:39,401 - Requests2XX.Count:1|#Level:Host|#hostname:node0.grp14-a5.ut-cs378-s22-pg0.utah.cloudlab.us,timestamp:null
2022-04-14T19:12:39,401 - QueueTime.ms:0|#Level:Host|#hostname:node0.grp14-a5.ut-cs378-s22-pg0.utah.cloudlab.us,timestamp:null
2022-04-14T19:12:39,401 - WorkerThreadTime.ms:3|#Level:Host|#hostname:node0.grp14-a5.ut-cs378-s22-pg0.utah.cloudlab.us,timestamp:null
